Seen/app/build/intermediates/manifest_merge_blame_file/debug/manifest-merger-blame-debug-report.txt
1<?xml version="1.0" encoding="utf-8"?>
2<manifest xmlns:android="http://schemas.android.com/apk/res/android"
3    package="com.a8plus1.seen"
4    android:versionCode="1"
5    android:versionName="1.0" >
6
7    <uses-sdk
8        android:minSdkVersion="17"
8-->src\main\AndroidManifest.xml
9        android:targetSdkVersion="23" />
9-->src\main\AndroidManifest.xml
10
11    <!-- 允许程序打开网络套接字 -->
12    <uses-permission android:name="android.permission.INTERNET" />
12-->src\main\AndroidManifest.xml:7:5-67
12-->src\main\AndroidManifest.xml:7:22-64
13    <!-- 允许程序设置内置sd卡的读写权限 -->
14    <uses-permission android:name="android.permission.WRITE_EXTERNAL_STORAGE" />
14-->src\main\AndroidManifest.xml:9:5-81
14-->src\main\AndroidManifest.xml:9:22-78
15    <uses-permission android:name="android.permission.READ_EXTERNAL_STORAGE" />
15-->src\main\AndroidManifest.xml:10:5-80
15-->src\main\AndroidManifest.xml:10:22-77
16    <!-- 允许程序设置内置sd卡的创建与删除文件权限 -->
17    <uses-permission android:name="android.permission.MOUNT_UNMOUNT_FILESYSTEMS" />
17-->src\main\AndroidManifest.xml:12:5-84
17-->src\main\AndroidManifest.xml:12:22-81
18    <!-- 允许程序获取网络状态 -->
19    <uses-permission android:name="android.permission.ACCESS_NETWORK_STATE" />
19-->src\main\AndroidManifest.xml:14:5-79
19-->src\main\AndroidManifest.xml:14:22-76
20    <!-- 允许程序访问WiFi网络信息 -->
21    <uses-permission android:name="android.permission.ACCESS_WIFI_STATE" />
21-->src\main\AndroidManifest.xml:16:5-76
21-->src\main\AndroidManifest.xml:16:22-73
22    <!-- 允许程序读写手机状态和身份 -->
23    <uses-permission android:name="android.permission.READ_PHONE_STATE" />
23-->src\main\AndroidManifest.xml:18:5-75
23-->src\main\AndroidManifest.xml:18:22-72
24    <uses-permission android:name="android.permission.ACCESS_COARSE_LOCATION" /> <!-- 录音 -->
24-->[:IMKit] AndroidManifest.xml:15:5-81
24-->[:IMKit] AndroidManifest.xml:15:22-78
25    <uses-permission android:name="android.permission.RECORD_AUDIO" />
25-->[:IMKit] AndroidManifest.xml:21:5-71
25-->[:IMKit] AndroidManifest.xml:21:22-68
26    <uses-permission android:name="android.permission.GET_TASKS" />
26-->[:IMKit] AndroidManifest.xml:22:5-68
26-->[:IMKit] AndroidManifest.xml:22:22-65
27    <uses-permission android:name="android.permission.WAKE_LOCK" />
27-->[:IMKit] AndroidManifest.xml:23:5-68
27-->[:IMKit] AndroidManifest.xml:23:22-65
28    <uses-permission android:name="android.permission.MODIFY_AUDIO_SETTINGS" />
28-->[:IMKit] AndroidManifest.xml:24:5-80
28-->[:IMKit] AndroidManifest.xml:24:22-77
29    <uses-permission android:name="android.permission.VIBRATE" />
29-->[:IMKit] AndroidManifest.xml:25:5-66
29-->[:IMKit] AndroidManifest.xml:25:22-63
30    <uses-permission android:name="android.permission.CAMERA" />
30-->[:IMKit] AndroidManifest.xml:26:5-65
30-->[:IMKit] AndroidManifest.xml:26:22-62
31    <uses-permission android:name="android.permission.WRITE_SETTINGS" />
31-->[:IMKit] AndroidManifest.xml:27:5-73
31-->[:IMKit] AndroidManifest.xml:27:22-70
32    <uses-permission android:name="android.permission.INTERACT_ACROSS_USERS_FULL" />
32-->[:IMKit] AndroidManifest.xml:28:5-85
32-->[:IMKit] AndroidManifest.xml:28:22-82
33    <uses-permission android:name="android.permission.PROCESS_OUTGOING_CALLS" />
33-->[:IMKit] AndroidManifest.xml:29:5-81
33-->[:IMKit] AndroidManifest.xml:29:22-78
34    <uses-permission android:name="android.permission.SYSTEM_ALERT_WINDOW" />
34-->[:IMKit] AndroidManifest.xml:30:5-78
34-->[:IMKit] AndroidManifest.xml:30:22-75
35    <uses-permission android:name="android.permission.CHANGE_WIFI_STATE" />
35-->[:IMKit] AndroidManifest.xml:31:5-76
35-->[:IMKit] AndroidManifest.xml:31:22-73
36    <uses-permission android:name="android.permission.ACCESS_FINE_LOCATION" />
36-->[:IMLib] AndroidManifest.xml:21:5-79
36-->[:IMLib] AndroidManifest.xml:21:22-76
37    <uses-permission android:name="android.permission.RECEIVE_BOOT_COMPLETED" />
37-->[:IMLib] AndroidManifest.xml:22:5-81
37-->[:IMLib] AndroidManifest.xml:22:22-78
38
39    <application
39-->src\main\AndroidManifest.xml:19:5-80:19
40        android:name="com.a8plus1.seen.MyApplication"
40-->src\main\AndroidManifest.xml:20:9-38
41        android:allowBackup="true"
41-->src\main\AndroidManifest.xml:21:9-35
42        android:debuggable="true"
43        android:icon="@mipmap/app_icon"
43-->src\main\AndroidManifest.xml:22:9-40
44        android:label="@string/app_name"
44-->src\main\AndroidManifest.xml:23:9-41
45        android:networkSecurityConfig="@xml/network_security_config"
45-->src\main\AndroidManifest.xml:28:9-69
46        android:roundIcon="@mipmap/app_icon"
46-->src\main\AndroidManifest.xml:24:9-45
47        android:supportsRtl="true"
47-->src\main\AndroidManifest.xml:25:9-35
48        android:testOnly="true"
49        android:theme="@style/AppTheme"
49-->src\main\AndroidManifest.xml:26:9-40
50        android:usesCleartextTraffic="true" >
50-->src\main\AndroidManifest.xml:27:9-44
51        <activity
51-->src\main\AndroidManifest.xml:29:9-37:20
52            android:name="com.a8plus1.seen.StartActivity"
52-->src\main\AndroidManifest.xml:30:13-42
53            android:theme="@style/main_activity_style" >
53-->src\main\AndroidManifest.xml:31:13-55
54            <intent-filter>
54-->src\main\AndroidManifest.xml:32:13-36:29
55                <action android:name="android.intent.action.MAIN" />
55-->src\main\AndroidManifest.xml:33:17-69
55-->src\main\AndroidManifest.xml:33:25-66
56
57                <category android:name="android.intent.category.LAUNCHER" />
57-->src\main\AndroidManifest.xml:35:17-77
57-->src\main\AndroidManifest.xml:35:27-74
58            </intent-filter>
59        </activity>
60        <activity android:name="com.a8plus1.seen.MainActivity" />
60-->src\main\AndroidManifest.xml:38:9-59
60-->src\main\AndroidManifest.xml:38:19-47
61        <activity android:name="com.a8plus1.seen.SettingActivity" />
61-->src\main\AndroidManifest.xml:40:9-62
61-->src\main\AndroidManifest.xml:40:19-50
62        <activity android:name="com.a8plus1.seen.LoginActivity" />
62-->src\main\AndroidManifest.xml:42:9-60
62-->src\main\AndroidManifest.xml:42:19-48
63        <activity
63-->src\main\AndroidManifest.xml:44:9-58:20
64            android:name="com.a8plus1.seen.mainViewPagers.MI.ConversationActivity"
64-->src\main\AndroidManifest.xml:45:13-67
65            android:screenOrientation="portrait"
65-->src\main\AndroidManifest.xml:46:13-49
66            android:windowSoftInputMode="stateHidden|adjustResize" >
66-->src\main\AndroidManifest.xml:47:13-67
67            <intent-filter>
67-->src\main\AndroidManifest.xml:48:13-57:29
68                <action android:name="android.intent.action.VIEW" />
68-->src\main\AndroidManifest.xml:49:17-68
68-->src\main\AndroidManifest.xml:49:25-66
69
70                <category android:name="android.intent.category.DEFAULT" />
70-->src\main\AndroidManifest.xml:51:17-75
70-->src\main\AndroidManifest.xml:51:27-73
71
72                <data
72-->src\main\AndroidManifest.xml:53:17-56:44
73                    android:host="com.a8plus1.seen"
73-->src\main\AndroidManifest.xml:54:21-52
74                    android:pathPrefix="/conversation/"
74-->src\main\AndroidManifest.xml:55:21-56
75                    android:scheme="rong" />
75-->src\main\AndroidManifest.xml:56:21-42
76            </intent-filter>
77        </activity>
78        <activity
78-->src\main\AndroidManifest.xml:60:9-62:50
79            android:name="com.a8plus1.seen.SignupActivity"
79-->src\main\AndroidManifest.xml:61:13-43
80            android:theme="@style/Translucent" />
80-->src\main\AndroidManifest.xml:62:13-47
81        <activity android:name="com.a8plus1.seen.LookTie.LookTieActivity" />
81-->src\main\AndroidManifest.xml:63:9-70
81-->src\main\AndroidManifest.xml:63:19-58
82        <activity android:name="com.a8plus1.seen.SendTie.SendActivity" />
82-->src\main\AndroidManifest.xml:64:9-67
82-->src\main\AndroidManifest.xml:64:19-55
83
84        <provider
84-->src\main\AndroidManifest.xml:66:9-74:20
85            android:name="android.support.v4.content.FileProvider"
85-->src\main\AndroidManifest.xml:67:13-67
86            android:authorities="com.a8plus1.seen.FileProvider"
86-->src\main\AndroidManifest.xml:68:13-64
87            android:exported="false"
87-->src\main\AndroidManifest.xml:69:13-37
88            android:grantUriPermissions="true" >
88-->src\main\AndroidManifest.xml:70:13-47
89            <meta-data
89-->src\main\AndroidManifest.xml:71:13-73:56
90                android:name="android.support.FILE_PROVIDER_PATHS"
90-->src\main\AndroidManifest.xml:72:17-67
91                android:resource="@xml/rc_file_path" />
91-->src\main\AndroidManifest.xml:73:17-53
92        </provider>
93
94        <meta-data
94-->src\main\AndroidManifest.xml:76:9-78:45
95            android:name="RONG_CLOUD_APP_KEY"
95-->src\main\AndroidManifest.xml:77:13-46
96            android:usesCleartextTraffic="true"
96-->[:IMLib] AndroidManifest.xml:30:13-48
97            android:value="8luwapkv867pl" />
97-->src\main\AndroidManifest.xml:78:13-42
98
99        <activity android:name="com.zhihu.matisse.ui.MatisseActivity" />
99-->[com.zhihu.android:matisse:0.4.3] AndroidManifest.xml:28:9-73
99-->[com.zhihu.android:matisse:0.4.3] AndroidManifest.xml:28:19-70
100        <activity android:name="com.zhihu.matisse.internal.ui.AlbumPreviewActivity" />
100-->[com.zhihu.android:matisse:0.4.3] AndroidManifest.xml:29:9-87
100-->[com.zhihu.android:matisse:0.4.3] AndroidManifest.xml:29:19-84
101        <activity android:name="com.zhihu.matisse.internal.ui.SelectedPreviewActivity" />
101-->[com.zhihu.android:matisse:0.4.3] AndroidManifest.xml:30:9-90
101-->[com.zhihu.android:matisse:0.4.3] AndroidManifest.xml:30:19-87
102
103        <service android:name="com.lzy.okhttpserver.download.DownloadService" />
103-->[com.lzy.net:okhttpserver:1.0.3] AndroidManifest.xml:12:9-81
103-->[com.lzy.net:okhttpserver:1.0.3] AndroidManifest.xml:12:18-78
104
105        <activity android:name="io.rong.imkit.plugin.location.AMapLocationActivity" />
105-->[:IMKit] AndroidManifest.xml:34:9-87
105-->[:IMKit] AndroidManifest.xml:34:19-84
106        <activity android:name="io.rong.imkit.plugin.location.AMapPreviewActivity" />
106-->[:IMKit] AndroidManifest.xml:35:9-86
106-->[:IMKit] AndroidManifest.xml:35:19-83
107        <activity android:name="io.rong.imkit.plugin.location.AMapRealTimeActivity" />
107-->[:IMKit] AndroidManifest.xml:36:9-87
107-->[:IMKit] AndroidManifest.xml:36:19-84
108        <activity
108-->[:IMKit] AndroidManifest.xml:37:9-39:52
109            android:name="io.rong.imkit.plugin.image.PictureSelectorActivity"
109-->[:IMKit] AndroidManifest.xml:38:13-78
110            android:screenOrientation="portrait" />
110-->[:IMKit] AndroidManifest.xml:39:13-49
111        <activity
111-->[:IMKit] AndroidManifest.xml:40:9-42:52
112            android:name="io.rong.imkit.plugin.image.PicturePreviewActivity"
112-->[:IMKit] AndroidManifest.xml:41:13-77
113            android:screenOrientation="portrait" /> <!-- 开发者可以修改 RongBaseActivity 的 rc_base_activity_layout 布局文件调整 actionbar -->
113-->[:IMKit] AndroidManifest.xml:42:13-49
114        <activity
114-->[:IMKit] AndroidManifest.xml:45:9-53:20
115            android:name="io.rong.imkit.tools.RongWebviewActivity"
115-->[:IMKit] AndroidManifest.xml:46:13-67
116            android:screenOrientation="portrait" >
116-->[:IMKit] AndroidManifest.xml:47:13-49
117            <intent-filter>
117-->[:IMKit] AndroidManifest.xml:48:13-52:29
118                <action android:name="io.rong.imkit.intent.action.webview" />
118-->[:IMKit] AndroidManifest.xml:49:17-78
118-->[:IMKit] AndroidManifest.xml:49:25-75
119
120                <category android:name="android.intent.category.DEFAULT" />
120-->src\main\AndroidManifest.xml:51:17-75
120-->src\main\AndroidManifest.xml:51:27-73
121            </intent-filter>
122        </activity>
123        <activity
123-->[:IMKit] AndroidManifest.xml:54:9-57:52
124            android:name="io.rong.imkit.widget.provider.TakingPicturesActivity"
124-->[:IMKit] AndroidManifest.xml:55:13-80
125            android:configChanges="orientation|keyboardHidden"
125-->[:IMKit] AndroidManifest.xml:56:13-63
126            android:screenOrientation="portrait" />
126-->[:IMKit] AndroidManifest.xml:57:13-49
127        <activity
127-->[:IMKit] AndroidManifest.xml:58:9-66:20
128            android:name="io.rong.imkit.activity.PicturePagerActivity"
128-->[:IMKit] AndroidManifest.xml:59:13-71
129            android:theme="@android:style/Theme.NoTitleBar.Fullscreen" >
129-->[:IMKit] AndroidManifest.xml:60:13-71
130            <intent-filter>
130-->[:IMKit] AndroidManifest.xml:61:13-65:29
131                <action android:name="io.rong.imkit.intent.action.picturepagerview" />
131-->[:IMKit] AndroidManifest.xml:62:17-87
131-->[:IMKit] AndroidManifest.xml:62:25-84
132
133                <category android:name="android.intent.category.DEFAULT" />
133-->src\main\AndroidManifest.xml:51:17-75
133-->src\main\AndroidManifest.xml:51:27-73
134            </intent-filter>
135        </activity>
136        <activity
136-->[:IMKit] AndroidManifest.xml:67:9-70:67
137            android:name="io.rong.imkit.mention.MemberMentionedActivity"
137-->[:IMKit] AndroidManifest.xml:68:13-73
138            android:configChanges="orientation|keyboardHidden"
138-->[:IMKit] AndroidManifest.xml:69:13-63
139            android:windowSoftInputMode="adjustPan|stateHidden" />
139-->[:IMKit] AndroidManifest.xml:70:13-64
140        <activity android:name="io.rong.imkit.activity.FileManagerActivity" />
140-->[:IMKit] AndroidManifest.xml:71:9-79
140-->[:IMKit] AndroidManifest.xml:71:19-76
141        <activity android:name="io.rong.imkit.activity.FileListActivity" />
141-->[:IMKit] AndroidManifest.xml:72:9-76
141-->[:IMKit] AndroidManifest.xml:72:19-73
142        <activity android:name="io.rong.imkit.activity.FilePreviewActivity" >
142-->[:IMKit] AndroidManifest.xml:73:9-79:20
142-->[:IMKit] AndroidManifest.xml:73:19-76
143            <intent-filter>
143-->[:IMKit] AndroidManifest.xml:74:13-78:29
144                <action android:name="io.rong.imkit.intent.action.openfile" />
144-->[:IMKit] AndroidManifest.xml:75:17-79
144-->[:IMKit] AndroidManifest.xml:75:25-76
145
146                <category android:name="android.intent.category.DEFAULT" />
146-->src\main\AndroidManifest.xml:51:17-75
146-->src\main\AndroidManifest.xml:51:27-73
147            </intent-filter>
148        </activity>
149        <activity
149-->[:IMKit] AndroidManifest.xml:80:9-83:52
150            android:name="io.rong.imkit.activity.CSLeaveMessageActivity"
150-->[:IMKit] AndroidManifest.xml:81:13-73
151            android:configChanges="orientation|keyboardHidden"
151-->[:IMKit] AndroidManifest.xml:82:13-63
152            android:screenOrientation="portrait" />
152-->[:IMKit] AndroidManifest.xml:83:13-49
153
154        <service
154-->[:IMLib] AndroidManifest.xml:33:9-37:51
155            android:name="io.rong.imlib.ipc.RongService"
155-->[:IMLib] AndroidManifest.xml:34:13-57
156            android:exported="true"
156-->[:IMLib] AndroidManifest.xml:35:13-36
157            android:process=":ipc"
157-->[:IMLib] AndroidManifest.xml:36:13-35
158            android:usesCleartextTraffic="true" />
158-->[:IMLib] AndroidManifest.xml:37:13-48
159        <service
159-->[:IMLib] AndroidManifest.xml:38:9-42:51
160            android:name="io.rong.imlib.ReConnectService"
160-->[:IMLib] AndroidManifest.xml:39:13-58
161            android:exported="true"
161-->[:IMLib] AndroidManifest.xml:40:13-36
162            android:permission="android.permission.BIND_JOB_SERVICE"
162-->[:IMLib] AndroidManifest.xml:41:13-69
163            android:usesCleartextTraffic="true" />
163-->[:IMLib] AndroidManifest.xml:42:13-48
164
165        <receiver
165-->[:IMLib] AndroidManifest.xml:44:9-47:51
166            android:name="io.rong.imlib.ConnectChangeReceiver"
166-->[:IMLib] AndroidManifest.xml:45:13-63
167            android:exported="true"
167-->[:IMLib] AndroidManifest.xml:46:13-36
168            android:usesCleartextTraffic="true" />
168-->[:IMLib] AndroidManifest.xml:47:13-48
169        <receiver
169-->[:IMLib] AndroidManifest.xml:48:9-51:51
170            android:name="io.rong.imlib.HeartbeatReceiver"
170-->[:IMLib] AndroidManifest.xml:49:13-59
171            android:process=":ipc"
171-->[:IMLib] AndroidManifest.xml:50:13-35
172            android:usesCleartextTraffic="true" /> <!-- imlib config end -->
172-->[:IMLib] AndroidManifest.xml:51:13-48
173        <!-- 必选： SDK 核心功能 -->
174        <!-- 第三方相关,向第三方推送服务请求 token 的服务 -->
175        <!-- 处理 push 消息相关的服务 -->
176        <service
176-->[:IMLib] AndroidManifest.xml:58:9-62:51
177            android:name="io.rong.push.core.PushRegistrationService"
177-->[:IMLib] AndroidManifest.xml:59:13-69
178            android:exported="true"
178-->[:IMLib] AndroidManifest.xml:60:13-36
179            android:permission="android.permission.BIND_JOB_SERVICE"
179-->[:IMLib] AndroidManifest.xml:61:13-69
180            android:usesCleartextTraffic="true" />
180-->[:IMLib] AndroidManifest.xml:62:13-48
181        <service
181-->[:IMLib] AndroidManifest.xml:63:9-67:51
182            android:name="io.rong.push.core.MessageHandleService"
182-->[:IMLib] AndroidManifest.xml:64:13-66
183            android:exported="true"
183-->[:IMLib] AndroidManifest.xml:65:13-36
184            android:permission="android.permission.BIND_JOB_SERVICE"
184-->[:IMLib] AndroidManifest.xml:66:13-69
185            android:usesCleartextTraffic="true" /> <!-- push服务 -->
185-->[:IMLib] AndroidManifest.xml:67:13-48
186        <service
186-->[:IMLib] AndroidManifest.xml:70:9-75:51
187            android:name="io.rong.push.PushService"
187-->[:IMLib] AndroidManifest.xml:71:13-52
188            android:exported="true"
188-->[:IMLib] AndroidManifest.xml:72:13-36
189            android:permission="android.permission.BIND_JOB_SERVICE"
189-->[:IMLib] AndroidManifest.xml:73:13-69
190            android:process="io.rong.push"
190-->[:IMLib] AndroidManifest.xml:74:13-43
191            android:usesCleartextTraffic="true" /> <!-- push 相关事件接收器 -->
191-->[:IMLib] AndroidManifest.xml:75:13-48
192        <receiver
192-->[:IMLib] AndroidManifest.xml:78:9-99:20
193            android:name="io.rong.push.PushReceiver"
193-->[:IMLib] AndroidManifest.xml:79:13-53
194            android:process="io.rong.push"
194-->[:IMLib] AndroidManifest.xml:80:13-43
195            android:usesCleartextTraffic="true" > <!-- 此处进程可以改名，名称需要和PushService所在进程统一 -->
195-->[:IMLib] AndroidManifest.xml:81:13-48
196            <!-- 心跳事件 -->
197            <intent-filter>
197-->[:IMLib] AndroidManifest.xml:83:13-85:29
198                <action android:name="io.rong.push.intent.action.HEART_BEAT" />
198-->[:IMLib] AndroidManifest.xml:84:17-80
198-->[:IMLib] AndroidManifest.xml:84:25-77
199            </intent-filter>
200            <!-- 网络变动事件 -->
201            <intent-filter>
201-->[:IMLib] AndroidManifest.xml:87:13-89:29
202                <action android:name="android.net.conn.CONNECTIVITY_CHANGE" />
202-->[:IMLib] AndroidManifest.xml:88:17-79
202-->[:IMLib] AndroidManifest.xml:88:25-76
203            </intent-filter>
204            <!-- 部分用户事件 -->
205            <intent-filter>
205-->[:IMLib] AndroidManifest.xml:91:13-93:29
206                <action android:name="android.intent.action.BOOT_COMPLETED" />
206-->[:IMLib] AndroidManifest.xml:92:17-79
206-->[:IMLib] AndroidManifest.xml:92:25-76
207            </intent-filter>
208            <intent-filter>
208-->[:IMLib] AndroidManifest.xml:94:13-98:29
209                <action android:name="android.intent.action.USER_PRESENT" />
209-->[:IMLib] AndroidManifest.xml:95:17-77
209-->[:IMLib] AndroidManifest.xml:95:25-74
210                <action android:name="android.intent.action.ACTION_POWER_CONNECTED" />
210-->[:IMLib] AndroidManifest.xml:96:17-87
210-->[:IMLib] AndroidManifest.xml:96:25-84
211                <action android:name="android.intent.action.ACTION_POWER_DISCONNECTED" />
211-->[:IMLib] AndroidManifest.xml:97:17-90
211-->[:IMLib] AndroidManifest.xml:97:25-87
212            </intent-filter>
213        </receiver>
214
215        <meta-data
215-->[android.arch.lifecycle:runtime:1.0.0] AndroidManifest.xml:25:9-27:47
216            android:name="android.arch.lifecycle.VERSION"
216-->[android.arch.lifecycle:runtime:1.0.0] AndroidManifest.xml:26:13-58
217            android:value="27.0.0-SNAPSHOT" />
217-->[android.arch.lifecycle:runtime:1.0.0] AndroidManifest.xml:27:13-44
218    </application>
219
220</manifest>